{"level":"error","message":"fdfd","service":"links-scraper"}
{"level":"error","message":"","service":"links-scraper"}
{"level":"error","message":"SQLITE_RANGE: column index out of range","service":"links-scraper"}
{"level":"info","message":"Links scrape success! Wrote undefined","service":"links-scraper"}
{"level":"info","message":"Links scrape success! Wrote undefined","service":"links-scraper"}
{"level":"info","message":"Links scrape success! Wrote undefined","service":"links-scraper"}
{"level":"info","message":"Links scrape success! Wrote undefined","service":"links-scraper"}
{"level":"error","message":"String expected!","service":"links-scraper"}
{"level":"error","message":"String expected!","service":"links-scraper"}
{"level":"error","message":"String expected!","service":"links-scraper"}
{"level":"error","message":"String expected!","service":"links-scraper"}
{"level":"error","message":"String expected!","service":"links-scraper"}
{"level":"error","message":"String expected!","service":"links-scraper"}
{"level":"error","message":"String expected!","service":"links-scraper"}
{"level":"info","message":"Links scrape success! Wrote undefined","service":"links-scraper"}
{"level":"error","message":"SQLITE_RANGE: column index out of range","service":"links-scraper"}
{"level":"info","message":"Links scrape success! Wrote 2023-11-06T224523116Z_latest.csv","service":"links-scraper"}
{"level":"info","message":"Links scrape success! Wrote undefined","service":"links-scraper"}
{"level":"info","message":"Links scrape success! Wrote 2023-11-08T212659281Z_latest.csv","service":"links-scraper"}
{"level":"info","message":"Links scrape success! Wrote 2023-11-10T141801123Z_latest.csv","service":"links-scraper"}
{"level":"info","message":"Links scrape success! Wrote 2023-11-11T215837597Z_latest.csv","service":"links-scraper"}
{"level":"info","message":"Links scrape success! Wrote 2023-11-14T134221989Z_latest.csv","service":"links-scraper"}
{"level":"info","message":"Links scrape success! Wrote 2023-11-16T201208574Z_latest.csv","service":"links-scraper"}
{"level":"info","message":"Links scrape success! Wrote 2023-11-19T213616640Z_latest.csv","service":"links-scraper"}
{"level":"info","message":"Links scrape success! Wrote 2023-11-21T161002183Z_latest.csv","service":"links-scraper"}
{"level":"info","message":"Links scrape success! Wrote 2023-11-23T125122645Z_latest.csv","service":"links-scraper"}
{"level":"info","message":"Links scrape success! Wrote 2023-11-26T184044280Z_latest.csv","service":"links-scraper"}
